<?xml version="1.0" encoding="UTF-8"?>
<testng-results ignored="0" total="1" passed="1" failed="0" skipped="0">
  <reporter-output>
  </reporter-output>
  <suite started-at="2022-02-25T10:41:05 EST" name="Default suite" finished-at="2022-02-25T10:41:10 EST" duration-ms="4945">
    <groups>
    </groups>
    <test started-at="2022-02-25T10:41:05 EST" name="Default test" finished-at="2022-02-25T10:41:10 EST" duration-ms="4945">
      <class name="Test1_Get_request">
        <test-method signature="getweatherdetails()[pri:0, instance:Test1_Get_request@5bd03f44]" started-at="2022-02-25T10:41:05 EST" name="getweatherdetails" finished-at="2022-02-25T10:41:10 EST" duration-ms="4875" status="PASS">
          <reporter-output>
          </reporter-output>
        </test-method> <!-- getweatherdetails -->
      </class> <!-- Test1_Get_request -->
    </test> <!-- Default test -->
  </suite> <!-- Default suite -->
</testng-results>
